#
# A fatal error has been detected by the Java Runtime Environment:
#
#  EXCEPTION_ACCESS_VIOLATION (0xc0000005) at pc=0x000007fee83a4cb5, pid=7544, tid=8320
#
# JRE version: 6.0_20-b02
# Java VM: Java HotSpot(TM) 64-Bit Server VM (16.3-b01 mixed mode windows-amd64 )
# Problematic frame:
# C  0x000007fee83a4cb5
#
# If you would like to submit a bug report, please visit:
#   http://java.sun.com/webapps/bugreport/crash.jsp
# The crash happened outside the Java Virtual Machine in native code.
# See problematic frame for where to report the bug.
#

---------------  T H R E A D  ---------------

Current thread (0x00000000005cb800):  JavaThread "main" [_thread_in_native, id=8320, stack(0x00000000023e0000,0x00000000024e0000)]

siginfo: ExceptionCode=0xc0000005, ExceptionInformation=0x0000000000000008 0x000007fee83a4cb5

Registers:
EAX=0x0000000000000000, EBX=0x00000000003b1308, ECX=0x000000007721843a, EDX=0x0000000000000000
ESP=0x00000000024df1c0, EBP=0x00000000497bded0, ESI=0x0000000000000000, EDI=0x00000000003b1300
EIP=0x000007fee83a4cb5, EFLAGS=0x0000000000010246

Top of Stack: (sp=0x00000000024df1c0)
0x00000000024df1c0:   fffffffffffffffe 000000006d170960
0x00000000024df1d0:   fffffffffffffffe 0000000005defea0
0x00000000024df1e0:   00000000003b1358 0000000000010001
0x00000000024df1f0:   00000000003b1300 000007fee83cf9de
0x00000000024df200:   00000000003b1308 0000000000000000
0x00000000024df210:   fffffffffffffffe 00000000498a4f00
0x00000000024df220:   0000000000000001 000000006d0f1bcd
0x00000000024df230:   0000000000000000 0000000000000000
0x00000000024df240:   00000000498a4f00 0000000000000000
0x00000000024df250:   0000000005a35110 000000006d0f7acd
0x00000000024df260:   00000000498a4f00 0000000000000514
0x00000000024df270:   0000000000000000 0000000000000000
0x00000000024df280:   00000000024df298 00000000024e59ce
0x00000000024df290:   00000000055a8698 00000000024df338
0x00000000024df2a0:   0000000005defea0 00000000024f1260
0x00000000024df2b0:   00000000024df310 0000000005ad7750 

Instructions: (pc=0x000007fee83a4cb5)
0x000007fee83a4ca5:   
[error occurred during error reporting (printing registers, top of stack, instructions near pc), id 0xc0000005]

Stack: [0x00000000023e0000,0x00000000024e0000],  sp=0x00000000024df1c0,  free space=3fc0000000000000000k
Native frames: (J=compiled Java code, j=interpreted, Vv=VM code, C=native code)
C  0x000007fee83a4cb5

Java frames: (J=compiled Java code, j=interpreted, Vv=VM code)
j  sun.java2d.d3d.D3DSurfaceData.initOps(III)V+0
j  sun.java2d.d3d.D3DSurfaceData.<init>(Lsun/awt/windows/WComponentPeer;Lsun/java2d/d3d/D3DGraphicsConfig;IILjava/awt/Image;Ljava/awt/image/ColorModel;IILsun/java2d/pipe/hw/ExtendedBufferCapabilities$VSyncType;I)V+76
j  sun.java2d.d3d.D3DSurfaceData.createData(Lsun/awt/windows/WComponentPeer;Ljava/awt/Image;)Lsun/java2d/d3d/D3DSurfaceData;+117
j  sun.java2d.d3d.D3DVolatileSurfaceManager.initAcceleratedSurface()Lsun/java2d/SurfaceData;+59
j  sun.java2d.d3d.D3DVolatileSurfaceManager.restoreAcceleratedSurface()V+62
j  sun.awt.image.VolatileSurfaceManager.validate(Ljava/awt/GraphicsConfiguration;)I+94
j  sun.awt.image.SunVolatileImage.validate(Ljava/awt/GraphicsConfiguration;)I+5
j  java.awt.Component$FlipBufferStrategy.revalidate(Z)V+82
j  java.awt.Component$FlipBufferStrategy.revalidate()V+2
j  java.awt.Component$FlipBufferStrategy.getDrawGraphics()Ljava/awt/Graphics;+1
J  GameDisplay.drawMatrix2()V
j  GameDisplay.display()V+12
j  GameMain.clientInit(LGameMain;)V+12
j  GameMain.main([Ljava/lang/String;)V+3
v  ~StubRoutines::call_stub

---------------  P R O C E S S  ---------------

Java Threads: ( => current thread )
  0x000000004d8f2800 JavaThread "AWT-EventQueue-0" [_thread_blocked, id=6584, stack(0x000000004e2a0000,0x000000004e3a0000)]
  0x00000000498a6000 JavaThread "AWT-Shutdown" [_thread_blocked, id=8268, stack(0x000000004a370000,0x000000004a470000)]
  0x00000000497f3000 JavaThread "Java2D Disposer" daemon [_thread_blocked, id=4156, stack(0x000000004a270000,0x000000004a370000)]
  0x00000000497be800 JavaThread "Low Memory Detector" daemon [_thread_blocked, id=6656, stack(0x0000000049d60000,0x0000000049e60000)]
  0x00000000497bb000 JavaThread "CompilerThread1" daemon [_thread_blocked, id=7456, stack(0x0000000049c60000,0x0000000049d60000)]
  0x00000000497b3000 JavaThread "CompilerThread0" daemon [_thread_blocked, id=5896, stack(0x0000000049b60000,0x0000000049c60000)]
  0x00000000497b0000 JavaThread "Attach Listener" daemon [_thread_blocked, id=6208, stack(0x0000000049a60000,0x0000000049b60000)]
  0x00000000497aa000 JavaThread "Signal Dispatcher" daemon [_thread_blocked, id=8740, stack(0x0000000049960000,0x0000000049a60000)]
  0x0000000000526000 JavaThread "Finalizer" daemon [_thread_blocked, id=9384, stack(0x0000000049660000,0x0000000049760000)]
  0x000000000051f800 JavaThread "Reference Handler" daemon [_thread_blocked, id=8592, stack(0x0000000049560000,0x0000000049660000)]
=>0x00000000005cb800 JavaThread "main" [_thread_in_native, id=8320, stack(0x00000000023e0000,0x00000000024e0000)]

Other Threads:
  0x000000000051b000 VMThread [stack: 0x0000000049460000,0x0000000049560000] [id=6724]
  0x00000000497bf800 WatcherThread [stack: 0x0000000049e60000,0x0000000049f60000] [id=5420]

VM state:not at safepoint (normal execution)

VM Mutex/Monitor currently owned by a thread: None

Heap
 PSYoungGen      total 34368K, used 28932K [0x0000000033da0000, 0x00000000374a0000, 0x00000000487a0000)
  eden space 31744K, 91% used [0x0000000033da0000,0x00000000359e13f0,0x0000000035ca0000)
  from space 2624K, 0% used [0x0000000035ca0000,0x0000000035ca0000,0x0000000035f30000)
  to   space 2624K, 0% used [0x0000000037210000,0x0000000037210000,0x00000000374a0000)
 PSOldGen        total 97600K, used 44612K [0x000000000a9a0000, 0x00000000108f0000, 0x0000000033da0000)
  object space 97600K, 45% used [0x000000000a9a0000,0x000000000d531100,0x00000000108f0000)
 PSPermGen       total 21248K, used 10278K [0x00000000055a0000, 0x0000000006a60000, 0x000000000a9a0000)
  object space 21248K, 48% used [0x00000000055a0000,0x0000000005fa99b0,0x0000000006a60000)

Dynamic libraries:
0x0000000000400000 - 0x000000000042e000 	C:\Program Files\Java\jre6\bin\javaw.exe
0x0000000077780000 - 0x000000007792c000 	C:\Windows\SYSTEM32\ntdll.dll
0x0000000077300000 - 0x000000007741f000 	C:\Windows\system32\kernel32.dll
0x000007fefdf50000 - 0x000007fefdfbc000 	C:\Windows\system32\KERNELBASE.dll
0x000007fefea00000 - 0x000007fefeadb000 	C:\Windows\system32\ADVAPI32.dll
0x000007fefe5a0000 - 0x000007fefe63f000 	C:\Windows\system32\msvcrt.dll
0x000007fefdfc0000 - 0x000007fefdfdf000 	C:\Windows\SYSTEM32\sechost.dll
0x000007fefe8d0000 - 0x000007fefe9fe000 	C:\Windows\system32\RPCRT4.dll
0x0000000077200000 - 0x00000000772fa000 	C:\Windows\system32\USER32.dll
0x000007feff980000 - 0x000007feff9e7000 	C:\Windows\system32\GDI32.dll
0x000007fefe7b0000 - 0x000007fefe7be000 	C:\Windows\system32\LPK.dll
0x000007fefe640000 - 0x000007fefe70a000 	C:\Windows\system32\USP10.dll
0x000007feff950000 - 0x000007feff97e000 	C:\Windows\system32\IMM32.DLL
0x000007fefe7c0000 - 0x000007fefe8c9000 	C:\Windows\system32\MSCTF.dll
0x000000006d7f0000 - 0x000000006de95000 	C:\Program Files\Java\jre6\bin\server\jvm.dll
0x000007fefb770000 - 0x000007fefb7ab000 	C:\Windows\system32\WINMM.dll
0x000000006d760000 - 0x000000006d76e000 	C:\Program Files\Java\jre6\bin\verify.dll
0x000000006d3b0000 - 0x000000006d3d7000 	C:\Program Files\Java\jre6\bin\java.dll
0x000000006d310000 - 0x000000006d31a000 	C:\Program Files\Java\jre6\bin\hpi.dll
0x0000000077940000 - 0x0000000077947000 	C:\Windows\system32\PSAPI.DLL
0x000000006d7b0000 - 0x000000006d7c2000 	C:\Program Files\Java\jre6\bin\zip.dll
0x000000006d000000 - 0x000000006d1c3000 	C:\Program Files\Java\jre6\bin\awt.dll
0x000007fefbc80000 - 0x000007fefbcf0000 	C:\Windows\system32\WINSPOOL.DRV
0x000007fefe310000 - 0x000007fefe512000 	C:\Windows\system32\ole32.dll
0x000007fefeae0000 - 0x000007feff867000 	C:\Windows\system32\SHELL32.dll
0x000007fefe520000 - 0x000007fefe591000 	C:\Windows\system32\SHLWAPI.dll
0x000007fefc320000 - 0x000007fefc514000 	C:\Windows\WinSxS\amd64_microsoft.windows.common-controls_6595b64144ccf1df_6.0.7600.16661_none_fa62ad231704eab7\COMCTL32.dll
0x000007fefbe90000 - 0x000007fefbea8000 	C:\Windows\system32\DWMAPI.DLL
0x000007fefc270000 - 0x000007fefc2c6000 	C:\Windows\system32\uxtheme.dll
0x000000006d2a0000 - 0x000000006d30b000 	C:\Program Files\Java\jre6\bin\fontmanager.dll
0x000007fef8270000 - 0x000007fef8278000 	c:\PROGRA~2\mcafee\SITEAD~1\x64\saHook.dll
0x000007feff870000 - 0x000007feff947000 	C:\Windows\system32\OLEAUT32.dll
0x000007fefdb20000 - 0x000007fefdb2f000 	C:\Windows\system32\CRYPTBASE.dll
0x000000005ca70000 - 0x000000005ceef000 	C:\Windows\system32\atiumd64.dll
0x000000005e4e0000 - 0x000000005e774000 	C:\Windows\system32\atiumd6a.dll
0x000000004a140000 - 0x000000004a1a5000 	C:\Program Files\WIDCOMM\Bluetooth Software\btmmhook.dll
0x000007fefe240000 - 0x000007fefe2d9000 	C:\Windows\system32\CLBCatQ.DLL
0x000000006d600000 - 0x000000006d617000 	C:\Program Files\Java\jre6\bin\net.dll
0x000007fefe710000 - 0x000007fefe75d000 	C:\Windows\system32\WS2_32.dll
0x000007fefe300000 - 0x000007fefe308000 	C:\Windows\system32\NSI.dll
0x000007fefd460000 - 0x000007fefd4b4000 	C:\Windows\system32\mswsock.dll
0x000007fefd450000 - 0x000007fefd457000 	C:\Windows\System32\wship6.dll
0x000000006d620000 - 0x000000006d62b000 	C:\Program Files\Java\jre6\bin\nio.dll

VM Arguments:
jvm_args: -Dfile.encoding=Cp1252 
java_command: GameMain
Launcher Type: SUN_STANDARD

Environment Variables:
CLASSPATH=.;C:\Program Files (x86)\Java\jre6\lib\ext\QTJava.zip
PATH=C:\Windows\system32;C:\Windows;C:\Windows\System32\Wbem;C:\Windows\System32\WindowsPowerShell\v1.0\;c:\Program Files\WIDCOMM\Bluetooth Software\;c:\Program Files\WIDCOMM\Bluetooth Software\syswow64;;C:\Program Files\Dell\DW WLAN Card;c:\Program Files (x86)\ATI Technologies\ATI.ACE\Core-Static;c:\Program Files (x86)\Common Files\Roxio Shared\DLLShared\;C:\Program Files (x86)\Common Files\HP\Digital Imaging\bin;C:\Program Files (x86)\HP\Digital Imaging\bin\;C:\Program Files (x86)\HP\Digital Imaging\bin\Qt\Qt 4.3.3;c:\Program Files (x86)\Microsoft SQL Server\100\Tools\Binn\;c:\Program Files\Microsoft SQL Server\100\Tools\Binn\;c:\Program Files\Microsoft SQL Server\100\DTS\Binn\;C:\Program Files (x86)\QuickTime\QTSystem\;C:\MinGW\bin;C:\Program Files\TortoiseGit\bin
USERNAME=Travis
OS=Windows_NT
PROCESSOR_IDENTIFIER=Intel64 Family 6 Model 37 Stepping 5, GenuineIntel



---------------  S Y S T E M  ---------------

OS: Windows 7 Build 7600 

CPU:total 4 (8 cores per cpu, 2 threads per core) family 6 model 37 stepping 5, cmov, cx8, fxsr, mmx, sse, sse2, sse3, ssse3, sse4.1, sse4.2, popcnt, ht

Memory: 4k page, physical 4051480k(1029416k free), swap 8101060k(3448760k free)

vm_info: Java HotSpot(TM) 64-Bit Server VM (16.3-b01) for windows-amd64 JRE (1.6.0_20-b02), built on Apr 12 2010 13:44:19 by "java_re" with MS VC++ 8.0 (VS2005)

time: Thu Jul 12 01:35:45 2012
elapsed time: 10 seconds

